<?xml version="1.0" encoding="UTF-8"?>
<!-- Generated by org.testng.reporters.JUnitReportReporter -->
<testsuite hostname="INLN56579511A" failures="0" tests="1" name="selenium.features.app.main.tests.API_Test_MOD_4" time="1.351" errors="0" timestamp="2022-04-01T11:25:18 IST" skipped="0">
  <testcase classname="selenium.features.app.main.tests.API_Test_MOD_4" name="post_test" time="1.351"/>
  <system-out/>
</testsuite> <!-- selenium.features.app.main.tests.API_Test_MOD_4 -->
