<?xml version="1.0" encoding="UTF-8"?>
<!-- Generated by org.testng.reporters.JUnitReportReporter -->
<testsuite hostname="INLN56579511A" failures="0" tests="1" name="selenium.features.app.main.tests.GET_API_Test" time="5.948" errors="0" timestamp="2022-03-30T12:50:21 IST" skipped="0">
  <testcase classname="selenium.features.app.main.tests.GET_API_Test" name="test_get_method" time="5.948"/>
  <system-out/>
</testsuite> <!-- selenium.features.app.main.tests.GET_API_Test -->
