<?xml version="1.0" encoding="UTF-8"?>
<!-- Generated by org.testng.reporters.JUnitReportReporter -->
<testsuite hostname="INLN56579511A" failures="0" tests="2" name="selenium.features.app.main.tests.API_Request_Test_lambook_juneau" time="5.074" errors="0" timestamp="2022-03-31T16:36:23 IST" skipped="1">
  <testcase classname="selenium.features.app.main.tests.API_Request_Test_lambook_juneau" name="verify_api_get" time="5.074"/>
  <system-out/>
  <testcase classname="selenium.features.app.main.tests.API_Request_Test_lambook_juneau" name="test_api">
    <skipped/>
  </testcase> <!-- test_api -->
  <system-out/>
</testsuite> <!-- selenium.features.app.main.tests.API_Request_Test_lambook_juneau -->
