<?xml version="1.0" encoding="UTF-8"?>
<!-- Generated by org.testng.reporters.JUnitReportReporter -->
<testsuite hostname="INLN56579511A" failures="0" tests="1" name="selenium.features.app.main.tests.LocatorsTest" time="20.688" errors="0" timestamp="2022-03-14T17:50:37 IST" skipped="0">
  <testcase classname="selenium.features.app.main.tests.LocatorsTest" name="relativeElementTest" time="20.688"/>
  <system-out/>
</testsuite> <!-- selenium.features.app.main.tests.LocatorsTest -->
