<?xml version="1.0" encoding="UTF-8"?>
<!-- Generated by org.testng.reporters.JUnitReportReporter -->
<testsuite hostname="INLN56579511A" failures="0" tests="6" name="selenium.features.app.main.tests.API_Requests_Test" time="11.060" errors="0" timestamp="2022-03-31T12:47:13 IST" skipped="0">
  <testcase classname="selenium.features.app.main.tests.API_Requests_Test" name="get_request_test" time="4.770"/>
  <system-out/>
  <testcase classname="selenium.features.app.main.tests.API_Requests_Test" name="get_request_by_id_test" time="1.089"/>
  <system-out/>
  <testcase classname="selenium.features.app.main.tests.API_Requests_Test" name="post_request_test" time="1.112"/>
  <system-out/>
  <testcase classname="selenium.features.app.main.tests.API_Requests_Test" name="put_request_test" time="2.069"/>
  <system-out/>
  <testcase classname="selenium.features.app.main.tests.API_Requests_Test" name="patch_request_test" time="1.027"/>
  <system-out/>
  <testcase classname="selenium.features.app.main.tests.API_Requests_Test" name="delete_request_test" time="0.993"/>
  <system-out/>
</testsuite> <!-- selenium.features.app.main.tests.API_Requests_Test -->
