<?xml version="1.0" encoding="UTF-8"?>
<!-- Generated by org.testng.reporters.JUnitReportReporter -->
<testsuite hostname="INLN56579511A" failures="0" tests="1" name="selenium.features.app.main.tests.API_Test_MOD" time="4.685" errors="0" timestamp="2022-04-01T11:25:18 IST" skipped="0">
  <testcase classname="selenium.features.app.main.tests.API_Test_MOD" name="test_api_get" time="4.685"/>
  <system-out/>
</testsuite> <!-- selenium.features.app.main.tests.API_Test_MOD -->
