<?xml version="1.0" encoding="UTF-8"?>
<!-- Generated by org.testng.reporters.JUnitReportReporter -->
<testsuite hostname="INLN56579511A" failures="0" tests="1" name="selenium.features.app.main.tests.TestDemo01" time="29.535" errors="0" timestamp="2022-02-28T16:42:18 IST" skipped="0">
  <testcase classname="selenium.features.app.main.tests.TestDemo01" name="test_app01" time="29.535"/>
  <system-out/>
</testsuite> <!-- selenium.features.app.main.tests.TestDemo01 -->
