<?xml version="1.0" encoding="UTF-8"?>
<!-- Generated by org.testng.reporters.JUnitReportReporter -->
<testsuite hostname="INLN56579511A" failures="0" tests="1" name="selenium.features.app.main.tests.TableTest" time="42.347" errors="0" timestamp="2022-03-08T09:07:09 IST" skipped="0">
  <testcase classname="selenium.features.app.main.tests.TableTest" name="test_table" time="42.347"/>
  <system-out/>
</testsuite> <!-- selenium.features.app.main.tests.TableTest -->
