<?xml version="1.0" encoding="UTF-8"?>
<!-- Generated by org.testng.reporters.JUnitReportReporter -->
<testsuite hostname="INLN56579511A" failures="0" tests="2" name="selenium.features.app.main.tests.TestR" time="6.469" errors="0" timestamp="2022-03-29T14:26:47 IST" skipped="1">
  <testcase classname="selenium.features.app.main.tests.TestR" name="test_post_request" time="6.469"/>
  <system-out/>
  <testcase classname="selenium.features.app.main.tests.TestR" name="test_01">
    <skipped/>
  </testcase> <!-- test_01 -->
  <system-out/>
</testsuite> <!-- selenium.features.app.main.tests.TestR -->
